<?xml version="1.0" encoding="UTF-8"?>
<testng-results ignored="0" total="2" passed="2" failed="0" skipped="0">
  <reporter-output>
  </reporter-output>
  <suite started-at="2024-07-31T11:34:44Z" name="Suite" finished-at="2024-07-31T11:34:54Z" duration-ms="10160">
    <groups>
    </groups>
    <test started-at="2024-07-31T11:34:44Z" name="Test" finished-at="2024-07-31T11:34:54Z" duration-ms="10160">
      <class name="Tests.SubmitTest">
        <test-method is-config="true" signature="goToApplication()[pri:0, instance:Tests.SubmitTest@6d304f9d]" started-at="2024-07-31T11:34:44Z" name="goToApplication" finished-at="2024-07-31T11:34:45Z" duration-ms="1660" status="PASS">
          <reporter-output>
          </reporter-output>
        </test-method> <!-- goToApplication -->
        <test-method signature="submit(java.util.HashMap)[pri:0, instance:Tests.SubmitTest@6d304f9d]" started-at="2024-07-31T11:34:45Z" name="submit" data-provider="JsonData" finished-at="2024-07-31T11:34:49Z" duration-ms="3422" status="PASS">
          <params>
            <param index="0">
              <value>
                <![CDATA[{password=Test@123, product=ZARA COAT 3, email=dsk@gmail.com}]]>
              </value>
            </param>
          </params>
          <reporter-output>
          </reporter-output>
        </test-method> <!-- submit -->
        <test-method is-config="true" signature="tearDown()[pri:0, instance:Tests.SubmitTest@6d304f9d]" started-at="2024-07-31T11:34:49Z" name="tearDown" finished-at="2024-07-31T11:34:49Z" duration-ms="101" status="PASS">
          <reporter-output>
          </reporter-output>
        </test-method> <!-- tearDown -->
        <test-method is-config="true" signature="goToApplication()[pri:0, instance:Tests.SubmitTest@6d304f9d]" started-at="2024-07-31T11:34:49Z" name="goToApplication" finished-at="2024-07-31T11:34:50Z" duration-ms="1277" status="PASS">
          <reporter-output>
          </reporter-output>
        </test-method> <!-- goToApplication -->
        <test-method signature="submit(java.util.HashMap)[pri:0, instance:Tests.SubmitTest@6d304f9d]" started-at="2024-07-31T11:34:50Z" name="submit" data-provider="JsonData" finished-at="2024-07-31T11:34:54Z" duration-ms="3419" status="PASS">
          <params>
            <param index="0">
              <value>
                <![CDATA[{password=Diksha@12, product=ADIDAS ORIGINAL, email=dikshakamdi@123.com}]]>
              </value>
            </param>
          </params>
          <reporter-output>
          </reporter-output>
        </test-method> <!-- submit -->
        <test-method is-config="true" signature="tearDown()[pri:0, instance:Tests.SubmitTest@6d304f9d]" started-at="2024-07-31T11:34:54Z" name="tearDown" finished-at="2024-07-31T11:34:54Z" duration-ms="127" status="PASS">
          <reporter-output>
          </reporter-output>
        </test-method> <!-- tearDown -->
      </class> <!-- Tests.SubmitTest -->
    </test> <!-- Test -->
  </suite> <!-- Suite -->
</testng-results>
